[2023-11-17 11:47:23] [INFO]    [OmnipathR] Welcome to OmnipathR!
[2023-11-17 11:47:23] [INFO]    [OmnipathR] Initialized cache: `C:\Users\spare\AppData\Local\Cache\OmnipathR`.
[2023-11-17 13:26:24] [TRACE]   [OmnipathR] Loaded data from RDS `C:\Users\spare\AppData\Local\Cache\OmnipathR/3492392585ba05414edfae46801492076437d7e7-1.rds`.
[2023-11-17 13:26:24] [INFO]    [OmnipathR] Loaded from cache: `https://omnipathdb.org/annotations?resources=PROGENy&license=academic`
[2023-11-17 13:26:24] [SUCCESS] [OmnipathR] Loaded 700257 annotation records from cache.
[2023-11-17 14:50:15] [TRACE]   [OmnipathR] Loaded data from RDS `C:\Users\spare\AppData\Local\Cache\OmnipathR/3492392585ba05414edfae46801492076437d7e7-1.rds`.
[2023-11-17 14:50:15] [INFO]    [OmnipathR] Loaded from cache: `https://omnipathdb.org/annotations?resources=PROGENy&license=academic`
[2023-11-17 14:50:15] [SUCCESS] [OmnipathR] Loaded 700257 annotation records from cache.
[2023-11-17 14:52:44] [TRACE]   [OmnipathR] Loaded data from RDS `C:\Users\spare\AppData\Local\Cache\OmnipathR/3492392585ba05414edfae46801492076437d7e7-1.rds`.
[2023-11-17 14:52:44] [INFO]    [OmnipathR] Loaded from cache: `https://omnipathdb.org/annotations?resources=PROGENy&license=academic`
[2023-11-17 14:52:44] [SUCCESS] [OmnipathR] Loaded 700257 annotation records from cache.
[2023-11-17 14:58:18] [TRACE]   [OmnipathR] Loaded data from RDS `C:\Users\spare\AppData\Local\Cache\OmnipathR/3492392585ba05414edfae46801492076437d7e7-1.rds`.
[2023-11-17 14:58:18] [INFO]    [OmnipathR] Loaded from cache: `https://omnipathdb.org/annotations?resources=PROGENy&license=academic`
[2023-11-17 14:58:18] [SUCCESS] [OmnipathR] Loaded 700257 annotation records from cache.
[2023-11-17 15:15:12] [TRACE]   [OmnipathR] Loaded data from RDS `C:\Users\spare\AppData\Local\Cache\OmnipathR/3492392585ba05414edfae46801492076437d7e7-1.rds`.
[2023-11-17 15:15:12] [INFO]    [OmnipathR] Loaded from cache: `https://omnipathdb.org/annotations?resources=PROGENy&license=academic`
[2023-11-17 15:15:12] [SUCCESS] [OmnipathR] Loaded 700257 annotation records from cache.
[2023-11-17 15:17:08] [TRACE]   [OmnipathR] Loaded data from RDS `C:\Users\spare\AppData\Local\Cache\OmnipathR/3492392585ba05414edfae46801492076437d7e7-1.rds`.
[2023-11-17 15:17:08] [INFO]    [OmnipathR] Loaded from cache: `https://omnipathdb.org/annotations?resources=PROGENy&license=academic`
[2023-11-17 15:17:08] [SUCCESS] [OmnipathR] Loaded 700257 annotation records from cache.
[2023-11-22 14:09:33] [TRACE]   [OmnipathR] Loaded data from RDS `C:\Users\spare\AppData\Local\Cache\OmnipathR/3492392585ba05414edfae46801492076437d7e7-1.rds`.
[2023-11-22 14:09:33] [INFO]    [OmnipathR] Loaded from cache: `https://omnipathdb.org/annotations?resources=PROGENy&license=academic`
[2023-11-22 14:09:33] [SUCCESS] [OmnipathR] Loaded 700257 annotation records from cache.
[2023-11-22 14:27:07] [TRACE]   [OmnipathR] Loaded data from RDS `C:\Users\spare\AppData\Local\Cache\OmnipathR/3492392585ba05414edfae46801492076437d7e7-1.rds`.
[2023-11-22 14:27:07] [INFO]    [OmnipathR] Loaded from cache: `https://omnipathdb.org/annotations?resources=PROGENy&license=academic`
[2023-11-22 14:27:07] [SUCCESS] [OmnipathR] Loaded 700257 annotation records from cache.
[2023-11-22 14:32:07] [TRACE]   [OmnipathR] Loaded data from RDS `C:\Users\spare\AppData\Local\Cache\OmnipathR/3492392585ba05414edfae46801492076437d7e7-1.rds`.
[2023-11-22 14:32:07] [INFO]    [OmnipathR] Loaded from cache: `https://omnipathdb.org/annotations?resources=PROGENy&license=academic`
[2023-11-22 14:32:07] [SUCCESS] [OmnipathR] Loaded 700257 annotation records from cache.
